<?xml version="1.0" encoding="UTF-8"?>
<testsuite name="test.MainTest" time="1.893" tests="27" errors="0" skipped="0" failures="0">
  <properties>
    <property name="java.runtime.name" value="Java(TM) SE Runtime Environment"/>
    <property name="sun.boot.library.path" value="C:\Program Files\Java\jre1.8.0_144\bin"/>
    <property name="java.vm.version" value="25.144-b01"/>
    <property name="java.vm.vendor" value="Oracle Corporation"/>
    <property name="maven.multiModuleProjectDirectory" value="C:\Users\Becarios\Documents\GitHub\Agents_e5a"/>
    <property name="java.vendor.url" value="http://java.oracle.com/"/>
    <property name="path.separator" value=";"/>
    <property name="guice.disable.misplaced.annotation.check" value="true"/>
    <property name="java.vm.name" value="Java HotSpot(TM) 64-Bit Server VM"/>
    <property name="file.encoding.pkg" value="sun.io"/>
    <property name="user.script" value=""/>
    <property name="user.country" value="ES"/>
    <property name="sun.java.launcher" value="SUN_STANDARD"/>
    <property name="sun.os.patch.level" value=""/>
    <property name="java.vm.specification.name" value="Java Virtual Machine Specification"/>
    <property name="user.dir" value="C:\Users\Becarios\Documents\GitHub\Agents_e5a"/>
    <property name="java.runtime.version" value="1.8.0_144-b01"/>
    <property name="java.awt.graphicsenv" value="sun.awt.Win32GraphicsEnvironment"/>
    <property name="java.endorsed.dirs" value="C:\Program Files\Java\jre1.8.0_144\lib\endorsed"/>
    <property name="os.arch" value="amd64"/>
    <property name="java.io.tmpdir" value="C:\Users\Becarios\AppData\Local\Temp\"/>
    <property name="line.separator" value="&#10;"/>
    <property name="java.vm.specification.vendor" value="Oracle Corporation"/>
    <property name="user.variant" value=""/>
    <property name="os.name" value="Windows 10"/>
    <property name="classworlds.conf" value="C:\Users\Becarios\Downloads\apache-maven-3.5.2\bin\..\bin\m2.conf"/>
    <property name="sun.jnu.encoding" value="Cp1252"/>
    <property name="java.library.path" value="C:\ProgramData\Oracle\Java\javapath;C:\WINDOWS\Sun\Java\bin;C:\WINDOWS\system32;C:\WINDOWS;C:\ProgramData\Oracle\Java\javapath;C:\WINDOWS\system32;C:\WINDOWS;C:\WINDOWS\System32\Wbem;C:\WINDOWS\System32\WindowsPowerShell\v1.0\;C:\Program Files (x86)\ATI Technologies\ATI.ACE\Core-Static;C:\Program Files (x86)\Brackets\command;C:\Program Files\Git\cmd;C:\Program Files (x86)\GtkSharp\2.12\bin;C:\Program Files\PuTTY\;C:\Users\Becarios\AppData\Local\Microsoft\WindowsApps;;."/>
    <property name="maven.conf" value="C:\Users\Becarios\Downloads\apache-maven-3.5.2\bin\../conf"/>
    <property name="java.specification.name" value="Java Platform API Specification"/>
    <property name="java.class.version" value="52.0"/>
    <property name="sun.management.compiler" value="HotSpot 64-Bit Tiered Compilers"/>
    <property name="os.version" value="10.0"/>
    <property name="library.jansi.path" value="C:\Users\Becarios\Downloads\apache-maven-3.5.2\bin\..\lib\jansi-native"/>
    <property name="user.home" value="C:\Users\Becarios"/>
    <property name="user.timezone" value="Europe/Paris"/>
    <property name="java.awt.printerjob" value="sun.awt.windows.WPrinterJob"/>
    <property name="java.specification.version" value="1.8"/>
    <property name="file.encoding" value="Cp1252"/>
    <property name="user.name" value="Becarios"/>
    <property name="java.class.path" value="C:\Users\Becarios\Downloads\apache-maven-3.5.2\bin\..\boot\plexus-classworlds-2.5.2.jar"/>
    <property name="java.vm.specification.version" value="1.8"/>
    <property name="sun.arch.data.model" value="64"/>
    <property name="java.home" value="C:\Program Files\Java\jre1.8.0_144"/>
    <property name="sun.java.command" value="org.codehaus.plexus.classworlds.launcher.Launcher test"/>
    <property name="java.specification.vendor" value="Oracle Corporation"/>
    <property name="user.language" value="es"/>
    <property name="awt.toolkit" value="sun.awt.windows.WToolkit"/>
    <property name="java.vm.info" value="mixed mode"/>
    <property name="java.version" value="1.8.0_144"/>
    <property name="java.ext.dirs" value="C:\Program Files\Java\jre1.8.0_144\lib\ext;C:\WINDOWS\Sun\Java\lib\ext"/>
    <property name="sun.boot.class.path" value="C:\Program Files\Java\jre1.8.0_144\lib\resources.jar;C:\Program Files\Java\jre1.8.0_144\lib\rt.jar;C:\Program Files\Java\jre1.8.0_144\lib\sunrsasign.jar;C:\Program Files\Java\jre1.8.0_144\lib\jsse.jar;C:\Program Files\Java\jre1.8.0_144\lib\jce.jar;C:\Program Files\Java\jre1.8.0_144\lib\charsets.jar;C:\Program Files\Java\jre1.8.0_144\lib\jfr.jar;C:\Program Files\Java\jre1.8.0_144\classes"/>
    <property name="sun.stderr.encoding" value="cp850"/>
    <property name="java.vendor" value="Oracle Corporation"/>
    <property name="maven.home" value="C:\Users\Becarios\Downloads\apache-maven-3.5.2\bin\.."/>
    <property name="file.separator" value="\"/>
    <property name="java.vendor.url.bug" value="http://bugreport.sun.com/bugreport/"/>
    <property name="sun.cpu.endian" value="little"/>
    <property name="sun.io.unicode.encoding" value="UnicodeLittle"/>
    <property name="sun.stdout.encoding" value="cp850"/>
    <property name="sun.desktop" value="windows"/>
    <property name="sun.cpu.isalist" value="amd64"/>
  </properties>
  <testcase name="T10emailRequiredChange" classname="test.MainTest" time="0.221"/>
  <testcase name="T12newEmailRequiredChange" classname="test.MainTest" time="0.095"/>
  <testcase name="T13invalidEmailChange" classname="test.MainTest" time="0.066"/>
  <testcase name="T14newInvalidEmailChange" classname="test.MainTest" time="0.056"/>
  <testcase name="T15emailChangeUserNotFound" classname="test.MainTest" time="0.406"/>
  <testcase name="T16sameEmailErrorChange" classname="test.MainTest" time="0.084"/>
  <testcase name="T17emailRequiredPasswordChange" classname="test.MainTest" time="0.051"/>
  <testcase name="T18inValidRequiredPasswordChange" classname="test.MainTest" time="0.077"/>
  <testcase name="T19passwordRequiredPasswordChange" classname="test.MainTest" time="0.047"/>
  <testcase name="T1domainModelEqualsTest" classname="test.MainTest" time="0"/>
  <testcase name="T20newPasswordRequiredPasswordChange" classname="test.MainTest" time="0.032"/>
  <testcase name="T21samePasswordChange" classname="test.MainTest" time="0.038"/>
  <testcase name="T22notFoundParticipantPasswordChange" classname="test.MainTest" time="0.056"/>
  <testcase name="T23notSamePasswordChange" classname="test.MainTest" time="0.065"/>
  <testcase name="T24testHtmlController" classname="test.MainTest" time="0.028"/>
  <testcase name="T2domainModelToString" classname="test.MainTest" time="0.025"/>
  <testcase name="T3domainModelHashCodeTest" classname="test.MainTest" time="0"/>
  <testcase name="T4participantExistAndCorrectPasssword" classname="test.MainTest" time="0.059"/>
  <testcase name="T5participantDoNotExist" classname="test.MainTest" time="0.03"/>
  <testcase name="T6incorrectPassword" classname="test.MainTest" time="0.077"/>
  <testcase name="T7emptyEmail" classname="test.MainTest" time="0.044"/>
  <testcase name="T8invalidEmail" classname="test.MainTest" time="0.072"/>
  <testcase name="T9emptyPassword" classname="test.MainTest" time="0.04"/>
  <testcase name="correctPasswordChange" classname="test.MainTest" time="0.062"/>
  <testcase name="correctPasswordChangeXML" classname="test.MainTest" time="0.085"/>
  <testcase name="emailChangeCorrect" classname="test.MainTest" time="0.057"/>
  <testcase name="emailChangeCorrectXML" classname="test.MainTest" time="0.02"/>
</testsuite>